/home/draft42/sr0/install/ros2_basics/lib/python3.8/site-packages/ros2_basics/07_action_server.py
/home/draft42/sr0/install/ros2_basics/lib/python3.8/site-packages/ros2_basics/01_node.py
/home/draft42/sr0/install/ros2_basics/lib/python3.8/site-packages/ros2_basics/02_publisher.py
/home/draft42/sr0/install/ros2_basics/lib/python3.8/site-packages/ros2_basics/04_Server.py
/home/draft42/sr0/install/ros2_basics/lib/python3.8/site-packages/ros2_basics/05_client.py
/home/draft42/sr0/install/ros2_basics/lib/python3.8/site-packages/ros2_basics/06_parameters.py
/home/draft42/sr0/install/ros2_basics/lib/python3.8/site-packages/ros2_basics/08_action_client.py
/home/draft42/sr0/install/ros2_basics/lib/python3.8/site-packages/ros2_basics/03_subscriber.py
/home/draft42/sr0/install/ros2_basics/lib/python3.8/site-packages/ros2_basics/__init__.py
/home/draft42/sr0/install/ros2_basics/lib/python3.8/site-packages/ros2_basics/__pycache__/07_action_server.cpython-38.pyc
/home/draft42/sr0/install/ros2_basics/lib/python3.8/site-packages/ros2_basics/__pycache__/01_node.cpython-38.pyc
/home/draft42/sr0/install/ros2_basics/lib/python3.8/site-packages/ros2_basics/__pycache__/02_publisher.cpython-38.pyc
/home/draft42/sr0/install/ros2_basics/lib/python3.8/site-packages/ros2_basics/__pycache__/04_Server.cpython-38.pyc
/home/draft42/sr0/install/ros2_basics/lib/python3.8/site-packages/ros2_basics/__pycache__/05_client.cpython-38.pyc
/home/draft42/sr0/install/ros2_basics/lib/python3.8/site-packages/ros2_basics/__pycache__/06_parameters.cpython-38.pyc
/home/draft42/sr0/install/ros2_basics/lib/python3.8/site-packages/ros2_basics/__pycache__/08_action_client.cpython-38.pyc
/home/draft42/sr0/install/ros2_basics/lib/python3.8/site-packages/ros2_basics/__pycache__/03_subscriber.cpython-38.pyc
/home/draft42/sr0/install/ros2_basics/lib/python3.8/site-packages/ros2_basics/__pycache__/__init__.cpython-38.pyc
/home/draft42/sr0/install/ros2_basics/share/ament_index/resource_index/packages/ros2_basics
/home/draft42/sr0/install/ros2_basics/share/ros2_basics/package.xml
/home/draft42/sr0/install/ros2_basics/share/ros2_basics/node_launcher.launch.py
/home/draft42/sr0/install/ros2_basics/lib/python3.8/site-packages/ros2_basics-0.0.1-py3.8.egg-info/SOURCES.txt
/home/draft42/sr0/install/ros2_basics/lib/python3.8/site-packages/ros2_basics-0.0.1-py3.8.egg-info/entry_points.txt
/home/draft42/sr0/install/ros2_basics/lib/python3.8/site-packages/ros2_basics-0.0.1-py3.8.egg-info/requires.txt
/home/draft42/sr0/install/ros2_basics/lib/python3.8/site-packages/ros2_basics-0.0.1-py3.8.egg-info/zip-safe
/home/draft42/sr0/install/ros2_basics/lib/python3.8/site-packages/ros2_basics-0.0.1-py3.8.egg-info/dependency_links.txt
/home/draft42/sr0/install/ros2_basics/lib/python3.8/site-packages/ros2_basics-0.0.1-py3.8.egg-info/top_level.txt
/home/draft42/sr0/install/ros2_basics/lib/python3.8/site-packages/ros2_basics-0.0.1-py3.8.egg-info/PKG-INFO
/home/draft42/sr0/install/ros2_basics/lib/ros2_basics/action_client
/home/draft42/sr0/install/ros2_basics/lib/ros2_basics/action_server
/home/draft42/sr0/install/ros2_basics/lib/ros2_basics/client
/home/draft42/sr0/install/ros2_basics/lib/ros2_basics/node
/home/draft42/sr0/install/ros2_basics/lib/ros2_basics/parameters
/home/draft42/sr0/install/ros2_basics/lib/ros2_basics/publisher
/home/draft42/sr0/install/ros2_basics/lib/ros2_basics/server
/home/draft42/sr0/install/ros2_basics/lib/ros2_basics/subscriber
