running develop
running egg_info
writing ../../build/ros2_basics/ros2_basics.egg-info/PKG-INFO
writing dependency_links to ../../build/ros2_basics/ros2_basics.egg-info/dependency_links.txt
writing entry points to ../../build/ros2_basics/ros2_basics.egg-info/entry_points.txt
writing requirements to ../../build/ros2_basics/ros2_basics.egg-info/requires.txt
writing top-level names to ../../build/ros2_basics/ros2_basics.egg-info/top_level.txt
reading manifest file '../../build/ros2_basics/ros2_basics.egg-info/SOURCES.txt'
writing manifest file '../../build/ros2_basics/ros2_basics.egg-info/SOURCES.txt'
running build
running build_py
running install
running install_lib
running install_data
running install_egg_info
removing '/home/draft42/sr0/install/ros2_basics/lib/python3.8/site-packages/ros2_basics-0.0.1-py3.8.egg-info' (and everything under it)
Copying ../../build/ros2_basics/ros2_basics.egg-info to /home/draft42/sr0/install/ros2_basics/lib/python3.8/site-packages/ros2_basics-0.0.1-py3.8.egg-info
running install_scripts
Installing action_client script to /home/draft42/sr0/install/ros2_basics/lib/ros2_basics
Installing action_server script to /home/draft42/sr0/install/ros2_basics/lib/ros2_basics
Installing client script to /home/draft42/sr0/install/ros2_basics/lib/ros2_basics
Installing node script to /home/draft42/sr0/install/ros2_basics/lib/ros2_basics
Installing parameters script to /home/draft42/sr0/install/ros2_basics/lib/ros2_basics
Installing publisher script to /home/draft42/sr0/install/ros2_basics/lib/ros2_basics
Installing server script to /home/draft42/sr0/install/ros2_basics/lib/ros2_basics
Installing subscriber script to /home/draft42/sr0/install/ros2_basics/lib/ros2_basics
writing list of installed files to '/home/draft42/sr0/build/ros2_basics/install.log'
