[0.974s] Invoking command in '/home/draft42/sr0/build/ros2_basics': PYTHONPATH=/home/draft42/sr0/build/ros2_basics/prefix_override:/home/draft42/sr0/install/ros2_basics/lib/python3.8/site-packages:${PYTHONPATH} /usr/bin/python3 setup.py develop --uninstall --editable --build-directory /home/draft42/sr0/build/ros2_basics/build
[1.209s] running develop
[1.394s] Invoked command in '/home/draft42/sr0/build/ros2_basics' returned '0': PYTHONPATH=/home/draft42/sr0/build/ros2_basics/prefix_override:/home/draft42/sr0/install/ros2_basics/lib/python3.8/site-packages:${PYTHONPATH} /usr/bin/python3 setup.py develop --uninstall --editable --build-directory /home/draft42/sr0/build/ros2_basics/build
[1.397s] Invoking command in '/home/draft42/sr0/src/ros2_basics': PYTHONPATH=/home/draft42/sr0/build/ros2_basics/prefix_override:/home/draft42/sr0/install/ros2_basics/lib/python3.8/site-packages:${PYTHONPATH} /usr/bin/python3 setup.py egg_info --egg-base ../../build/ros2_basics build --build-base /home/draft42/sr0/build/ros2_basics/build install --record /home/draft42/sr0/build/ros2_basics/install.log --single-version-externally-managed
[1.615s] running egg_info
[1.615s] writing ../../build/ros2_basics/ros2_basics.egg-info/PKG-INFO
[1.616s] writing dependency_links to ../../build/ros2_basics/ros2_basics.egg-info/dependency_links.txt
[1.616s] writing entry points to ../../build/ros2_basics/ros2_basics.egg-info/entry_points.txt
[1.616s] writing requirements to ../../build/ros2_basics/ros2_basics.egg-info/requires.txt
[1.616s] writing top-level names to ../../build/ros2_basics/ros2_basics.egg-info/top_level.txt
[1.662s] reading manifest file '../../build/ros2_basics/ros2_basics.egg-info/SOURCES.txt'
[1.662s] writing manifest file '../../build/ros2_basics/ros2_basics.egg-info/SOURCES.txt'
[1.663s] running build
[1.663s] running build_py
[1.664s] running install
[1.664s] running install_lib
[1.666s] running install_data
[1.666s] running install_egg_info
[1.667s] removing '/home/draft42/sr0/install/ros2_basics/lib/python3.8/site-packages/ros2_basics-0.0.1-py3.8.egg-info' (and everything under it)
[1.668s] Copying ../../build/ros2_basics/ros2_basics.egg-info to /home/draft42/sr0/install/ros2_basics/lib/python3.8/site-packages/ros2_basics-0.0.1-py3.8.egg-info
[1.669s] running install_scripts
[1.689s] Installing action_client script to /home/draft42/sr0/install/ros2_basics/lib/ros2_basics
[1.689s] Installing action_server script to /home/draft42/sr0/install/ros2_basics/lib/ros2_basics
[1.689s] Installing client script to /home/draft42/sr0/install/ros2_basics/lib/ros2_basics
[1.689s] Installing node script to /home/draft42/sr0/install/ros2_basics/lib/ros2_basics
[1.690s] Installing parameters script to /home/draft42/sr0/install/ros2_basics/lib/ros2_basics
[1.690s] Installing publisher script to /home/draft42/sr0/install/ros2_basics/lib/ros2_basics
[1.690s] Installing server script to /home/draft42/sr0/install/ros2_basics/lib/ros2_basics
[1.690s] Installing subscriber script to /home/draft42/sr0/install/ros2_basics/lib/ros2_basics
[1.690s] writing list of installed files to '/home/draft42/sr0/build/ros2_basics/install.log'
[1.710s] Invoked command in '/home/draft42/sr0/src/ros2_basics' returned '0': PYTHONPATH=/home/draft42/sr0/build/ros2_basics/prefix_override:/home/draft42/sr0/install/ros2_basics/lib/python3.8/site-packages:${PYTHONPATH} /usr/bin/python3 setup.py egg_info --egg-base ../../build/ros2_basics build --build-base /home/draft42/sr0/build/ros2_basics/build install --record /home/draft42/sr0/build/ros2_basics/install.log --single-version-externally-managed
