[  2%] Built target custom_interfaces0__cpp
[ 12%] Built target custom_interfaces0__rosidl_generator_c
[ 25%] Built target custom_interfaces0__rosidl_typesupport_introspection_cpp
[ 33%] Built target custom_interfaces0__rosidl_typesupport_cpp
[ 43%] Built target custom_interfaces0__rosidl_typesupport_c
[ 53%] Built target custom_interfaces0__rosidl_typesupport_introspection_c
[ 64%] Built target custom_interfaces0__rosidl_typesupport_fastrtps_cpp
[ 74%] Built target custom_interfaces0__rosidl_typesupport_fastrtps_c
[ 74%] Built target custom_interfaces0
[ 76%] Built target custom_interfaces0__py
[ 84%] Built target custom_interfaces0__python
[ 89%] Built target custom_interfaces0__rosidl_typesupport_introspection_c__pyext
[ 94%] Built target custom_interfaces0__rosidl_typesupport_c__pyext
[100%] Built target custom_interfaces0__rosidl_typesupport_fastrtps_c__pyext
-- Install configuration: ""
-- Up-to-date: /home/draft42/sr0/install/custom_interfaces0/share/ament_index/resource_index/rosidl_interfaces/custom_interfaces0
-- Up-to-date: /home/draft42/sr0/install/custom_interfaces0/include/custom_interfaces0
-- Up-to-date: /home/draft42/sr0/install/custom_interfaces0/include/custom_interfaces0/action
-- Up-to-date: /home/draft42/sr0/install/custom_interfaces0/include/custom_interfaces0/action/myaction.h
-- Up-to-date: /home/draft42/sr0/install/custom_interfaces0/include/custom_interfaces0/action/detail
-- Up-to-date: /home/draft42/sr0/install/custom_interfaces0/include/custom_interfaces0/action/detail/myaction__functions.c
-- Up-to-date: /home/draft42/sr0/install/custom_interfaces0/include/custom_interfaces0/action/detail/myaction__type_support.h
-- Up-to-date: /home/draft42/sr0/install/custom_interfaces0/include/custom_interfaces0/action/detail/myaction__struct.h
-- Up-to-date: /home/draft42/sr0/install/custom_interfaces0/include/custom_interfaces0/action/detail/myaction__functions.h
-- Up-to-date: /home/draft42/sr0/install/custom_interfaces0/include/custom_interfaces0/srv
-- Up-to-date: /home/draft42/sr0/install/custom_interfaces0/include/custom_interfaces0/srv/my_srv.h
-- Up-to-date: /home/draft42/sr0/install/custom_interfaces0/include/custom_interfaces0/srv/detail
-- Up-to-date: /home/draft42/sr0/install/custom_interfaces0/include/custom_interfaces0/srv/detail/my_srv__functions.c
-- Up-to-date: /home/draft42/sr0/install/custom_interfaces0/include/custom_interfaces0/srv/detail/my_srv__functions.h
-- Up-to-date: /home/draft42/sr0/install/custom_interfaces0/include/custom_interfaces0/srv/detail/my_srv__struct.h
-- Up-to-date: /home/draft42/sr0/install/custom_interfaces0/include/custom_interfaces0/srv/detail/my_srv__type_support.h
-- Up-to-date: /home/draft42/sr0/install/custom_interfaces0/include/custom_interfaces0/msg
-- Up-to-date: /home/draft42/sr0/install/custom_interfaces0/include/custom_interfaces0/msg/rosidl_generator_c__visibility_control.h
-- Up-to-date: /home/draft42/sr0/install/custom_interfaces0/share/custom_interfaces0/environment/library_path.sh
-- Up-to-date: /home/draft42/sr0/install/custom_interfaces0/share/custom_interfaces0/environment/library_path.dsv
-- Up-to-date: /home/draft42/sr0/install/custom_interfaces0/lib/libcustom_interfaces0__rosidl_generator_c.so
-- Up-to-date: /home/draft42/sr0/install/custom_interfaces0/include/custom_interfaces0
-- Up-to-date: /home/draft42/sr0/install/custom_interfaces0/include/custom_interfaces0/action
-- Up-to-date: /home/draft42/sr0/install/custom_interfaces0/include/custom_interfaces0/action/detail
-- Up-to-date: /home/draft42/sr0/install/custom_interfaces0/include/custom_interfaces0/action/detail/myaction__rosidl_typesupport_fastrtps_c.h
-- Up-to-date: /home/draft42/sr0/install/custom_interfaces0/include/custom_interfaces0/srv
-- Up-to-date: /home/draft42/sr0/install/custom_interfaces0/include/custom_interfaces0/srv/detail
-- Up-to-date: /home/draft42/sr0/install/custom_interfaces0/include/custom_interfaces0/srv/detail/my_srv__rosidl_typesupport_fastrtps_c.h
-- Up-to-date: /home/draft42/sr0/install/custom_interfaces0/include/custom_interfaces0/msg
-- Up-to-date: /home/draft42/sr0/install/custom_interfaces0/include/custom_interfaces0/msg/rosidl_typesupport_fastrtps_c__visibility_control.h
-- Up-to-date: /home/draft42/sr0/install/custom_interfaces0/lib/libcustom_interfaces0__rosidl_typesupport_fastrtps_c.so
-- Up-to-date: /home/draft42/sr0/install/custom_interfaces0/include/custom_interfaces0
-- Up-to-date: /home/draft42/sr0/install/custom_interfaces0/include/custom_interfaces0/action
-- Up-to-date: /home/draft42/sr0/install/custom_interfaces0/include/custom_interfaces0/action/detail
-- Up-to-date: /home/draft42/sr0/install/custom_interfaces0/include/custom_interfaces0/action/detail/dds_fastrtps
-- Up-to-date: /home/draft42/sr0/install/custom_interfaces0/include/custom_interfaces0/action/detail/myaction__rosidl_typesupport_fastrtps_cpp.hpp
-- Up-to-date: /home/draft42/sr0/install/custom_interfaces0/include/custom_interfaces0/srv
-- Up-to-date: /home/draft42/sr0/install/custom_interfaces0/include/custom_interfaces0/srv/detail
-- Up-to-date: /home/draft42/sr0/install/custom_interfaces0/include/custom_interfaces0/srv/detail/dds_fastrtps
-- Up-to-date: /home/draft42/sr0/install/custom_interfaces0/include/custom_interfaces0/srv/detail/my_srv__rosidl_typesupport_fastrtps_cpp.hpp
-- Up-to-date: /home/draft42/sr0/install/custom_interfaces0/include/custom_interfaces0/msg
-- Up-to-date: /home/draft42/sr0/install/custom_interfaces0/include/custom_interfaces0/msg/rosidl_typesupport_fastrtps_cpp__visibility_control.h
-- Up-to-date: /home/draft42/sr0/install/custom_interfaces0/lib/libcustom_interfaces0__rosidl_typesupport_fastrtps_cpp.so
-- Up-to-date: /home/draft42/sr0/install/custom_interfaces0/include/custom_interfaces0
-- Up-to-date: /home/draft42/sr0/install/custom_interfaces0/include/custom_interfaces0/action
-- Up-to-date: /home/draft42/sr0/install/custom_interfaces0/include/custom_interfaces0/action/detail
-- Up-to-date: /home/draft42/sr0/install/custom_interfaces0/include/custom_interfaces0/action/detail/myaction__type_support.c
-- Up-to-date: /home/draft42/sr0/install/custom_interfaces0/include/custom_interfaces0/action/detail/myaction__rosidl_typesupport_introspection_c.h
-- Up-to-date: /home/draft42/sr0/install/custom_interfaces0/include/custom_interfaces0/srv
-- Up-to-date: /home/draft42/sr0/install/custom_interfaces0/include/custom_interfaces0/srv/detail
-- Up-to-date: /home/draft42/sr0/install/custom_interfaces0/include/custom_interfaces0/srv/detail/my_srv__rosidl_typesupport_introspection_c.h
-- Up-to-date: /home/draft42/sr0/install/custom_interfaces0/include/custom_interfaces0/srv/detail/my_srv__type_support.c
-- Up-to-date: /home/draft42/sr0/install/custom_interfaces0/include/custom_interfaces0/msg
-- Up-to-date: /home/draft42/sr0/install/custom_interfaces0/include/custom_interfaces0/msg/rosidl_typesupport_introspection_c__visibility_control.h
-- Up-to-date: /home/draft42/sr0/install/custom_interfaces0/lib/libcustom_interfaces0__rosidl_typesupport_introspection_c.so
-- Up-to-date: /home/draft42/sr0/install/custom_interfaces0/lib/libcustom_interfaces0__rosidl_typesupport_c.so
-- Up-to-date: /home/draft42/sr0/install/custom_interfaces0/include/custom_interfaces0
-- Up-to-date: /home/draft42/sr0/install/custom_interfaces0/include/custom_interfaces0/action
-- Up-to-date: /home/draft42/sr0/install/custom_interfaces0/include/custom_interfaces0/action/myaction.hpp
-- Up-to-date: /home/draft42/sr0/install/custom_interfaces0/include/custom_interfaces0/action/detail
-- Up-to-date: /home/draft42/sr0/install/custom_interfaces0/include/custom_interfaces0/action/detail/myaction__struct.hpp
-- Up-to-date: /home/draft42/sr0/install/custom_interfaces0/include/custom_interfaces0/action/detail/myaction__builder.hpp
-- Up-to-date: /home/draft42/sr0/install/custom_interfaces0/include/custom_interfaces0/action/detail/myaction__traits.hpp
-- Up-to-date: /home/draft42/sr0/install/custom_interfaces0/include/custom_interfaces0/srv
-- Up-to-date: /home/draft42/sr0/install/custom_interfaces0/include/custom_interfaces0/srv/my_srv.hpp
-- Up-to-date: /home/draft42/sr0/install/custom_interfaces0/include/custom_interfaces0/srv/detail
-- Up-to-date: /home/draft42/sr0/install/custom_interfaces0/include/custom_interfaces0/srv/detail/my_srv__struct.hpp
-- Up-to-date: /home/draft42/sr0/install/custom_interfaces0/include/custom_interfaces0/srv/detail/my_srv__traits.hpp
-- Up-to-date: /home/draft42/sr0/install/custom_interfaces0/include/custom_interfaces0/srv/detail/my_srv__builder.hpp
-- Up-to-date: /home/draft42/sr0/install/custom_interfaces0/include/custom_interfaces0
-- Up-to-date: /home/draft42/sr0/install/custom_interfaces0/include/custom_interfaces0/action
-- Up-to-date: /home/draft42/sr0/install/custom_interfaces0/include/custom_interfaces0/action/detail
-- Up-to-date: /home/draft42/sr0/install/custom_interfaces0/include/custom_interfaces0/action/detail/myaction__type_support.cpp
-- Up-to-date: /home/draft42/sr0/install/custom_interfaces0/include/custom_interfaces0/action/detail/myaction__rosidl_typesupport_introspection_cpp.hpp
-- Up-to-date: /home/draft42/sr0/install/custom_interfaces0/include/custom_interfaces0/srv
-- Up-to-date: /home/draft42/sr0/install/custom_interfaces0/include/custom_interfaces0/srv/detail
-- Up-to-date: /home/draft42/sr0/install/custom_interfaces0/include/custom_interfaces0/srv/detail/my_srv__rosidl_typesupport_introspection_cpp.hpp
-- Up-to-date: /home/draft42/sr0/install/custom_interfaces0/include/custom_interfaces0/srv/detail/my_srv__type_support.cpp
-- Up-to-date: /home/draft42/sr0/install/custom_interfaces0/lib/libcustom_interfaces0__rosidl_typesupport_introspection_cpp.so
-- Up-to-date: /home/draft42/sr0/install/custom_interfaces0/lib/libcustom_interfaces0__rosidl_typesupport_cpp.so
-- Up-to-date: /home/draft42/sr0/install/custom_interfaces0/share/custom_interfaces0/environment/pythonpath.sh
-- Up-to-date: /home/draft42/sr0/install/custom_interfaces0/share/custom_interfaces0/environment/pythonpath.dsv
-- Up-to-date: /home/draft42/sr0/install/custom_interfaces0/lib/python3.8/site-packages/custom_interfaces0/__init__.py
-- Up-to-date: /home/draft42/sr0/install/custom_interfaces0/lib/python3.8/site-packages/custom_interfaces0/srv
-- Up-to-date: /home/draft42/sr0/install/custom_interfaces0/lib/python3.8/site-packages/custom_interfaces0/srv/_my_srv_s.c
-- Up-to-date: /home/draft42/sr0/install/custom_interfaces0/lib/python3.8/site-packages/custom_interfaces0/srv/_my_srv.py
-- Up-to-date: /home/draft42/sr0/install/custom_interfaces0/lib/python3.8/site-packages/custom_interfaces0/srv/__init__.py
-- Up-to-date: /home/draft42/sr0/install/custom_interfaces0/lib/python3.8/site-packages/custom_interfaces0/action
-- Up-to-date: /home/draft42/sr0/install/custom_interfaces0/lib/python3.8/site-packages/custom_interfaces0/action/_myaction.py
-- Up-to-date: /home/draft42/sr0/install/custom_interfaces0/lib/python3.8/site-packages/custom_interfaces0/action/_myaction_s.c
-- Up-to-date: /home/draft42/sr0/install/custom_interfaces0/lib/python3.8/site-packages/custom_interfaces0/action/__init__.py
-- Up-to-date: /home/draft42/sr0/install/custom_interfaces0/lib/python3.8/site-packages/custom_interfaces0/custom_interfaces0_s__rosidl_typesupport_fastrtps_c.cpython-38-x86_64-linux-gnu.so
-- Up-to-date: /home/draft42/sr0/install/custom_interfaces0/lib/python3.8/site-packages/custom_interfaces0/custom_interfaces0_s__rosidl_typesupport_introspection_c.cpython-38-x86_64-linux-gnu.so
-- Up-to-date: /home/draft42/sr0/install/custom_interfaces0/lib/python3.8/site-packages/custom_interfaces0/custom_interfaces0_s__rosidl_typesupport_c.cpython-38-x86_64-linux-gnu.so
-- Up-to-date: /home/draft42/sr0/install/custom_interfaces0/lib/libcustom_interfaces0__python.so
-- Up-to-date: /home/draft42/sr0/install/custom_interfaces0/share/custom_interfaces0/srv/MySrv.idl
-- Up-to-date: /home/draft42/sr0/install/custom_interfaces0/share/custom_interfaces0/action/Myaction.idl
-- Up-to-date: /home/draft42/sr0/install/custom_interfaces0/share/custom_interfaces0/srv/MySrv.srv
-- Up-to-date: /home/draft42/sr0/install/custom_interfaces0/share/custom_interfaces0/srv/MySrv_Request.msg
-- Up-to-date: /home/draft42/sr0/install/custom_interfaces0/share/custom_interfaces0/srv/MySrv_Response.msg
-- Up-to-date: /home/draft42/sr0/install/custom_interfaces0/share/custom_interfaces0/action/Myaction.action
-- Up-to-date: /home/draft42/sr0/install/custom_interfaces0/share/ament_index/resource_index/package_run_dependencies/custom_interfaces0
-- Up-to-date: /home/draft42/sr0/install/custom_interfaces0/share/ament_index/resource_index/parent_prefix_path/custom_interfaces0
-- Up-to-date: /home/draft42/sr0/install/custom_interfaces0/share/custom_interfaces0/environment/ament_prefix_path.sh
-- Up-to-date: /home/draft42/sr0/install/custom_interfaces0/share/custom_interfaces0/environment/ament_prefix_path.dsv
-- Up-to-date: /home/draft42/sr0/install/custom_interfaces0/share/custom_interfaces0/environment/path.sh
-- Up-to-date: /home/draft42/sr0/install/custom_interfaces0/share/custom_interfaces0/environment/path.dsv
-- Up-to-date: /home/draft42/sr0/install/custom_interfaces0/share/custom_interfaces0/local_setup.bash
-- Up-to-date: /home/draft42/sr0/install/custom_interfaces0/share/custom_interfaces0/local_setup.sh
-- Up-to-date: /home/draft42/sr0/install/custom_interfaces0/share/custom_interfaces0/local_setup.zsh
-- Up-to-date: /home/draft42/sr0/install/custom_interfaces0/share/custom_interfaces0/local_setup.dsv
-- Installing: /home/draft42/sr0/install/custom_interfaces0/share/custom_interfaces0/package.dsv
-- Up-to-date: /home/draft42/sr0/install/custom_interfaces0/share/ament_index/resource_index/packages/custom_interfaces0
-- Up-to-date: /home/draft42/sr0/install/custom_interfaces0/share/custom_interfaces0/cmake/custom_interfaces0__rosidl_generator_cExport.cmake
-- Up-to-date: /home/draft42/sr0/install/custom_interfaces0/share/custom_interfaces0/cmake/custom_interfaces0__rosidl_generator_cExport-noconfig.cmake
-- Up-to-date: /home/draft42/sr0/install/custom_interfaces0/share/custom_interfaces0/cmake/custom_interfaces0__rosidl_typesupport_introspection_cExport.cmake
-- Up-to-date: /home/draft42/sr0/install/custom_interfaces0/share/custom_interfaces0/cmake/custom_interfaces0__rosidl_typesupport_introspection_cExport-noconfig.cmake
-- Up-to-date: /home/draft42/sr0/install/custom_interfaces0/share/custom_interfaces0/cmake/custom_interfaces0__rosidl_typesupport_cExport.cmake
-- Up-to-date: /home/draft42/sr0/install/custom_interfaces0/share/custom_interfaces0/cmake/custom_interfaces0__rosidl_typesupport_cExport-noconfig.cmake
-- Up-to-date: /home/draft42/sr0/install/custom_interfaces0/share/custom_interfaces0/cmake/custom_interfaces0__rosidl_generator_cppExport.cmake
-- Up-to-date: /home/draft42/sr0/install/custom_interfaces0/share/custom_interfaces0/cmake/custom_interfaces0__rosidl_typesupport_introspection_cppExport.cmake
-- Up-to-date: /home/draft42/sr0/install/custom_interfaces0/share/custom_interfaces0/cmake/custom_interfaces0__rosidl_typesupport_introspection_cppExport-noconfig.cmake
-- Up-to-date: /home/draft42/sr0/install/custom_interfaces0/share/custom_interfaces0/cmake/custom_interfaces0__rosidl_typesupport_cppExport.cmake
-- Up-to-date: /home/draft42/sr0/install/custom_interfaces0/share/custom_interfaces0/cmake/custom_interfaces0__rosidl_typesupport_cppExport-noconfig.cmake
-- Up-to-date: /home/draft42/sr0/install/custom_interfaces0/share/custom_interfaces0/cmake/rosidl_cmake-extras.cmake
-- Up-to-date: /home/draft42/sr0/install/custom_interfaces0/share/custom_interfaces0/cmake/ament_cmake_export_dependencies-extras.cmake
-- Up-to-date: /home/draft42/sr0/install/custom_interfaces0/share/custom_interfaces0/cmake/ament_cmake_export_libraries-extras.cmake
-- Up-to-date: /home/draft42/sr0/install/custom_interfaces0/share/custom_interfaces0/cmake/ament_cmake_export_targets-extras.cmake
-- Up-to-date: /home/draft42/sr0/install/custom_interfaces0/share/custom_interfaces0/cmake/ament_cmake_export_include_directories-extras.cmake
-- Up-to-date: /home/draft42/sr0/install/custom_interfaces0/share/custom_interfaces0/cmake/rosidl_cmake_export_typesupport_libraries-extras.cmake
-- Up-to-date: /home/draft42/sr0/install/custom_interfaces0/share/custom_interfaces0/cmake/rosidl_cmake_export_typesupport_targets-extras.cmake
-- Up-to-date: /home/draft42/sr0/install/custom_interfaces0/share/custom_interfaces0/cmake/custom_interfaces0Config.cmake
-- Up-to-date: /home/draft42/sr0/install/custom_interfaces0/share/custom_interfaces0/cmake/custom_interfaces0Config-version.cmake
-- Up-to-date: /home/draft42/sr0/install/custom_interfaces0/share/custom_interfaces0/package.xml
