[  2%] Built target reno_interface__cpp
[ 12%] Built target reno_interface__rosidl_generator_c
[ 23%] Built target reno_interface__rosidl_typesupport_cpp
[ 33%] Built target reno_interface__rosidl_typesupport_introspection_cpp
[ 43%] Built target reno_interface__rosidl_typesupport_c
[ 53%] Built target reno_interface__rosidl_typesupport_introspection_c
[ 64%] Built target reno_interface__rosidl_typesupport_fastrtps_cpp
[ 74%] Built target reno_interface__rosidl_typesupport_fastrtps_c
[ 74%] Built target reno_interface
[ 76%] Built target reno_interface__py
[ 84%] Built target reno_interface__python
[ 94%] Built target reno_interface__rosidl_typesupport_fastrtps_c__pyext
[ 94%] Built target reno_interface__rosidl_typesupport_c__pyext
[100%] Built target reno_interface__rosidl_typesupport_introspection_c__pyext
-- Install configuration: ""
-- Up-to-date: /home/draft42/sr0/install/reno_interface/share/ament_index/resource_index/rosidl_interfaces/reno_interface
-- Up-to-date: /home/draft42/sr0/install/reno_interface/include/reno_interface
-- Up-to-date: /home/draft42/sr0/install/reno_interface/include/reno_interface/action
-- Up-to-date: /home/draft42/sr0/install/reno_interface/include/reno_interface/action/trajectory_execution.h
-- Up-to-date: /home/draft42/sr0/install/reno_interface/include/reno_interface/action/detail
-- Up-to-date: /home/draft42/sr0/install/reno_interface/include/reno_interface/action/detail/trajectory_execution__type_support.h
-- Up-to-date: /home/draft42/sr0/install/reno_interface/include/reno_interface/action/detail/trajectory_execution__functions.c
-- Up-to-date: /home/draft42/sr0/install/reno_interface/include/reno_interface/action/detail/trajectory_execution__struct.h
-- Up-to-date: /home/draft42/sr0/install/reno_interface/include/reno_interface/action/detail/trajectory_execution__functions.h
-- Up-to-date: /home/draft42/sr0/install/reno_interface/include/reno_interface/srv
-- Up-to-date: /home/draft42/sr0/install/reno_interface/include/reno_interface/srv/joint_trajectory.h
-- Up-to-date: /home/draft42/sr0/install/reno_interface/include/reno_interface/srv/detail
-- Up-to-date: /home/draft42/sr0/install/reno_interface/include/reno_interface/srv/detail/joint_trajectory__type_support.h
-- Up-to-date: /home/draft42/sr0/install/reno_interface/include/reno_interface/srv/detail/joint_trajectory__struct.h
-- Up-to-date: /home/draft42/sr0/install/reno_interface/include/reno_interface/srv/detail/joint_trajectory__functions.h
-- Up-to-date: /home/draft42/sr0/install/reno_interface/include/reno_interface/srv/detail/joint_trajectory__functions.c
-- Up-to-date: /home/draft42/sr0/install/reno_interface/include/reno_interface/msg
-- Up-to-date: /home/draft42/sr0/install/reno_interface/include/reno_interface/msg/rosidl_generator_c__visibility_control.h
-- Up-to-date: /home/draft42/sr0/install/reno_interface/share/reno_interface/environment/library_path.sh
-- Up-to-date: /home/draft42/sr0/install/reno_interface/share/reno_interface/environment/library_path.dsv
-- Up-to-date: /home/draft42/sr0/install/reno_interface/lib/libreno_interface__rosidl_generator_c.so
-- Up-to-date: /home/draft42/sr0/install/reno_interface/include/reno_interface
-- Up-to-date: /home/draft42/sr0/install/reno_interface/include/reno_interface/action
-- Up-to-date: /home/draft42/sr0/install/reno_interface/include/reno_interface/action/detail
-- Up-to-date: /home/draft42/sr0/install/reno_interface/include/reno_interface/action/detail/trajectory_execution__rosidl_typesupport_fastrtps_c.h
-- Up-to-date: /home/draft42/sr0/install/reno_interface/include/reno_interface/srv
-- Up-to-date: /home/draft42/sr0/install/reno_interface/include/reno_interface/srv/detail
-- Up-to-date: /home/draft42/sr0/install/reno_interface/include/reno_interface/srv/detail/joint_trajectory__rosidl_typesupport_fastrtps_c.h
-- Up-to-date: /home/draft42/sr0/install/reno_interface/include/reno_interface/msg
-- Up-to-date: /home/draft42/sr0/install/reno_interface/include/reno_interface/msg/rosidl_typesupport_fastrtps_c__visibility_control.h
-- Up-to-date: /home/draft42/sr0/install/reno_interface/lib/libreno_interface__rosidl_typesupport_fastrtps_c.so
-- Up-to-date: /home/draft42/sr0/install/reno_interface/include/reno_interface
-- Up-to-date: /home/draft42/sr0/install/reno_interface/include/reno_interface/action
-- Up-to-date: /home/draft42/sr0/install/reno_interface/include/reno_interface/action/detail
-- Up-to-date: /home/draft42/sr0/install/reno_interface/include/reno_interface/action/detail/dds_fastrtps
-- Up-to-date: /home/draft42/sr0/install/reno_interface/include/reno_interface/action/detail/trajectory_execution__rosidl_typesupport_fastrtps_cpp.hpp
-- Up-to-date: /home/draft42/sr0/install/reno_interface/include/reno_interface/srv
-- Up-to-date: /home/draft42/sr0/install/reno_interface/include/reno_interface/srv/detail
-- Up-to-date: /home/draft42/sr0/install/reno_interface/include/reno_interface/srv/detail/dds_fastrtps
-- Up-to-date: /home/draft42/sr0/install/reno_interface/include/reno_interface/srv/detail/joint_trajectory__rosidl_typesupport_fastrtps_cpp.hpp
-- Up-to-date: /home/draft42/sr0/install/reno_interface/include/reno_interface/msg
-- Up-to-date: /home/draft42/sr0/install/reno_interface/include/reno_interface/msg/rosidl_typesupport_fastrtps_cpp__visibility_control.h
-- Up-to-date: /home/draft42/sr0/install/reno_interface/lib/libreno_interface__rosidl_typesupport_fastrtps_cpp.so
-- Up-to-date: /home/draft42/sr0/install/reno_interface/include/reno_interface
-- Up-to-date: /home/draft42/sr0/install/reno_interface/include/reno_interface/action
-- Up-to-date: /home/draft42/sr0/install/reno_interface/include/reno_interface/action/detail
-- Up-to-date: /home/draft42/sr0/install/reno_interface/include/reno_interface/action/detail/trajectory_execution__rosidl_typesupport_introspection_c.h
-- Up-to-date: /home/draft42/sr0/install/reno_interface/include/reno_interface/action/detail/trajectory_execution__type_support.c
-- Up-to-date: /home/draft42/sr0/install/reno_interface/include/reno_interface/srv
-- Up-to-date: /home/draft42/sr0/install/reno_interface/include/reno_interface/srv/detail
-- Up-to-date: /home/draft42/sr0/install/reno_interface/include/reno_interface/srv/detail/joint_trajectory__rosidl_typesupport_introspection_c.h
-- Up-to-date: /home/draft42/sr0/install/reno_interface/include/reno_interface/srv/detail/joint_trajectory__type_support.c
-- Up-to-date: /home/draft42/sr0/install/reno_interface/include/reno_interface/msg
-- Up-to-date: /home/draft42/sr0/install/reno_interface/include/reno_interface/msg/rosidl_typesupport_introspection_c__visibility_control.h
-- Up-to-date: /home/draft42/sr0/install/reno_interface/lib/libreno_interface__rosidl_typesupport_introspection_c.so
-- Up-to-date: /home/draft42/sr0/install/reno_interface/lib/libreno_interface__rosidl_typesupport_c.so
-- Up-to-date: /home/draft42/sr0/install/reno_interface/include/reno_interface
-- Up-to-date: /home/draft42/sr0/install/reno_interface/include/reno_interface/action
-- Up-to-date: /home/draft42/sr0/install/reno_interface/include/reno_interface/action/trajectory_execution.hpp
-- Up-to-date: /home/draft42/sr0/install/reno_interface/include/reno_interface/action/detail
-- Up-to-date: /home/draft42/sr0/install/reno_interface/include/reno_interface/action/detail/trajectory_execution__traits.hpp
-- Up-to-date: /home/draft42/sr0/install/reno_interface/include/reno_interface/action/detail/trajectory_execution__builder.hpp
-- Up-to-date: /home/draft42/sr0/install/reno_interface/include/reno_interface/action/detail/trajectory_execution__struct.hpp
-- Up-to-date: /home/draft42/sr0/install/reno_interface/include/reno_interface/srv
-- Up-to-date: /home/draft42/sr0/install/reno_interface/include/reno_interface/srv/joint_trajectory.hpp
-- Up-to-date: /home/draft42/sr0/install/reno_interface/include/reno_interface/srv/detail
-- Up-to-date: /home/draft42/sr0/install/reno_interface/include/reno_interface/srv/detail/joint_trajectory__struct.hpp
-- Up-to-date: /home/draft42/sr0/install/reno_interface/include/reno_interface/srv/detail/joint_trajectory__builder.hpp
-- Up-to-date: /home/draft42/sr0/install/reno_interface/include/reno_interface/srv/detail/joint_trajectory__traits.hpp
-- Up-to-date: /home/draft42/sr0/install/reno_interface/include/reno_interface
-- Up-to-date: /home/draft42/sr0/install/reno_interface/include/reno_interface/action
-- Up-to-date: /home/draft42/sr0/install/reno_interface/include/reno_interface/action/detail
-- Up-to-date: /home/draft42/sr0/install/reno_interface/include/reno_interface/action/detail/trajectory_execution__type_support.cpp
-- Up-to-date: /home/draft42/sr0/install/reno_interface/include/reno_interface/action/detail/trajectory_execution__rosidl_typesupport_introspection_cpp.hpp
-- Up-to-date: /home/draft42/sr0/install/reno_interface/include/reno_interface/srv
-- Up-to-date: /home/draft42/sr0/install/reno_interface/include/reno_interface/srv/detail
-- Up-to-date: /home/draft42/sr0/install/reno_interface/include/reno_interface/srv/detail/joint_trajectory__rosidl_typesupport_introspection_cpp.hpp
-- Up-to-date: /home/draft42/sr0/install/reno_interface/include/reno_interface/srv/detail/joint_trajectory__type_support.cpp
-- Up-to-date: /home/draft42/sr0/install/reno_interface/lib/libreno_interface__rosidl_typesupport_introspection_cpp.so
-- Up-to-date: /home/draft42/sr0/install/reno_interface/lib/libreno_interface__rosidl_typesupport_cpp.so
-- Up-to-date: /home/draft42/sr0/install/reno_interface/share/reno_interface/environment/pythonpath.sh
-- Up-to-date: /home/draft42/sr0/install/reno_interface/share/reno_interface/environment/pythonpath.dsv
-- Up-to-date: /home/draft42/sr0/install/reno_interface/lib/python3.8/site-packages/reno_interface/__init__.py
-- Up-to-date: /home/draft42/sr0/install/reno_interface/lib/python3.8/site-packages/reno_interface/srv
-- Up-to-date: /home/draft42/sr0/install/reno_interface/lib/python3.8/site-packages/reno_interface/srv/__init__.py
-- Up-to-date: /home/draft42/sr0/install/reno_interface/lib/python3.8/site-packages/reno_interface/srv/_joint_trajectory.py
-- Up-to-date: /home/draft42/sr0/install/reno_interface/lib/python3.8/site-packages/reno_interface/srv/_joint_trajectory_s.c
-- Up-to-date: /home/draft42/sr0/install/reno_interface/lib/python3.8/site-packages/reno_interface/action
-- Up-to-date: /home/draft42/sr0/install/reno_interface/lib/python3.8/site-packages/reno_interface/action/_trajectory_execution.py
-- Up-to-date: /home/draft42/sr0/install/reno_interface/lib/python3.8/site-packages/reno_interface/action/__init__.py
-- Up-to-date: /home/draft42/sr0/install/reno_interface/lib/python3.8/site-packages/reno_interface/action/_trajectory_execution_s.c
-- Up-to-date: /home/draft42/sr0/install/reno_interface/lib/python3.8/site-packages/reno_interface/reno_interface_s__rosidl_typesupport_fastrtps_c.cpython-38-x86_64-linux-gnu.so
-- Up-to-date: /home/draft42/sr0/install/reno_interface/lib/python3.8/site-packages/reno_interface/reno_interface_s__rosidl_typesupport_introspection_c.cpython-38-x86_64-linux-gnu.so
-- Up-to-date: /home/draft42/sr0/install/reno_interface/lib/python3.8/site-packages/reno_interface/reno_interface_s__rosidl_typesupport_c.cpython-38-x86_64-linux-gnu.so
-- Up-to-date: /home/draft42/sr0/install/reno_interface/lib/libreno_interface__python.so
-- Up-to-date: /home/draft42/sr0/install/reno_interface/share/reno_interface/srv/JointTrajectory.idl
-- Up-to-date: /home/draft42/sr0/install/reno_interface/share/reno_interface/action/TrajectoryExecution.idl
-- Up-to-date: /home/draft42/sr0/install/reno_interface/share/reno_interface/srv/JointTrajectory.srv
-- Up-to-date: /home/draft42/sr0/install/reno_interface/share/reno_interface/srv/JointTrajectory_Request.msg
-- Up-to-date: /home/draft42/sr0/install/reno_interface/share/reno_interface/srv/JointTrajectory_Response.msg
-- Up-to-date: /home/draft42/sr0/install/reno_interface/share/reno_interface/action/TrajectoryExecution.action
-- Up-to-date: /home/draft42/sr0/install/reno_interface/share/ament_index/resource_index/package_run_dependencies/reno_interface
-- Up-to-date: /home/draft42/sr0/install/reno_interface/share/ament_index/resource_index/parent_prefix_path/reno_interface
-- Up-to-date: /home/draft42/sr0/install/reno_interface/share/reno_interface/environment/ament_prefix_path.sh
-- Up-to-date: /home/draft42/sr0/install/reno_interface/share/reno_interface/environment/ament_prefix_path.dsv
-- Up-to-date: /home/draft42/sr0/install/reno_interface/share/reno_interface/environment/path.sh
-- Up-to-date: /home/draft42/sr0/install/reno_interface/share/reno_interface/environment/path.dsv
-- Up-to-date: /home/draft42/sr0/install/reno_interface/share/reno_interface/local_setup.bash
-- Up-to-date: /home/draft42/sr0/install/reno_interface/share/reno_interface/local_setup.sh
-- Up-to-date: /home/draft42/sr0/install/reno_interface/share/reno_interface/local_setup.zsh
-- Up-to-date: /home/draft42/sr0/install/reno_interface/share/reno_interface/local_setup.dsv
-- Installing: /home/draft42/sr0/install/reno_interface/share/reno_interface/package.dsv
-- Up-to-date: /home/draft42/sr0/install/reno_interface/share/ament_index/resource_index/packages/reno_interface
-- Up-to-date: /home/draft42/sr0/install/reno_interface/share/reno_interface/cmake/reno_interface__rosidl_generator_cExport.cmake
-- Up-to-date: /home/draft42/sr0/install/reno_interface/share/reno_interface/cmake/reno_interface__rosidl_generator_cExport-noconfig.cmake
-- Up-to-date: /home/draft42/sr0/install/reno_interface/share/reno_interface/cmake/reno_interface__rosidl_typesupport_introspection_cExport.cmake
-- Up-to-date: /home/draft42/sr0/install/reno_interface/share/reno_interface/cmake/reno_interface__rosidl_typesupport_introspection_cExport-noconfig.cmake
-- Up-to-date: /home/draft42/sr0/install/reno_interface/share/reno_interface/cmake/reno_interface__rosidl_typesupport_cExport.cmake
-- Up-to-date: /home/draft42/sr0/install/reno_interface/share/reno_interface/cmake/reno_interface__rosidl_typesupport_cExport-noconfig.cmake
-- Up-to-date: /home/draft42/sr0/install/reno_interface/share/reno_interface/cmake/reno_interface__rosidl_generator_cppExport.cmake
-- Up-to-date: /home/draft42/sr0/install/reno_interface/share/reno_interface/cmake/reno_interface__rosidl_typesupport_introspection_cppExport.cmake
-- Up-to-date: /home/draft42/sr0/install/reno_interface/share/reno_interface/cmake/reno_interface__rosidl_typesupport_introspection_cppExport-noconfig.cmake
-- Up-to-date: /home/draft42/sr0/install/reno_interface/share/reno_interface/cmake/reno_interface__rosidl_typesupport_cppExport.cmake
-- Up-to-date: /home/draft42/sr0/install/reno_interface/share/reno_interface/cmake/reno_interface__rosidl_typesupport_cppExport-noconfig.cmake
-- Up-to-date: /home/draft42/sr0/install/reno_interface/share/reno_interface/cmake/rosidl_cmake-extras.cmake
-- Up-to-date: /home/draft42/sr0/install/reno_interface/share/reno_interface/cmake/ament_cmake_export_dependencies-extras.cmake
-- Up-to-date: /home/draft42/sr0/install/reno_interface/share/reno_interface/cmake/ament_cmake_export_libraries-extras.cmake
-- Up-to-date: /home/draft42/sr0/install/reno_interface/share/reno_interface/cmake/ament_cmake_export_targets-extras.cmake
-- Up-to-date: /home/draft42/sr0/install/reno_interface/share/reno_interface/cmake/ament_cmake_export_include_directories-extras.cmake
-- Up-to-date: /home/draft42/sr0/install/reno_interface/share/reno_interface/cmake/rosidl_cmake_export_typesupport_libraries-extras.cmake
-- Up-to-date: /home/draft42/sr0/install/reno_interface/share/reno_interface/cmake/rosidl_cmake_export_typesupport_targets-extras.cmake
-- Up-to-date: /home/draft42/sr0/install/reno_interface/share/reno_interface/cmake/reno_interfaceConfig.cmake
-- Up-to-date: /home/draft42/sr0/install/reno_interface/share/reno_interface/cmake/reno_interfaceConfig-version.cmake
-- Up-to-date: /home/draft42/sr0/install/reno_interface/share/reno_interface/package.xml
