[0.037s] Invoking command in '/home/draft42/sr0/build/reno_interface': CMAKE_PREFIX_PATH=${CMAKE_PREFIX_PATH}:/home/draft42/sr0/install/scara:/home/draft42/sr0/install/ros2_basics:/opt/ros/galactic /usr/bin/cmake --build /home/draft42/sr0/build/reno_interface -- -j12 -l12
[0.332s] [  2%] Built target reno_interface__cpp
[0.332s] [ 12%] Built target reno_interface__rosidl_generator_c
[0.332s] [ 23%] Built target reno_interface__rosidl_typesupport_cpp
[0.333s] [ 33%] Built target reno_interface__rosidl_typesupport_introspection_cpp
[0.333s] [ 43%] Built target reno_interface__rosidl_typesupport_c
[0.333s] [ 53%] Built target reno_interface__rosidl_typesupport_introspection_c
[0.333s] [ 64%] Built target reno_interface__rosidl_typesupport_fastrtps_cpp
[0.333s] [ 74%] Built target reno_interface__rosidl_typesupport_fastrtps_c
[0.333s] [ 74%] Built target reno_interface
[0.333s] [ 76%] Built target reno_interface__py
[0.333s] [ 84%] Built target reno_interface__python
[0.333s] [ 94%] Built target reno_interface__rosidl_typesupport_fastrtps_c__pyext
[0.333s] [ 94%] Built target reno_interface__rosidl_typesupport_c__pyext
[0.333s] [100%] Built target reno_interface__rosidl_typesupport_introspection_c__pyext
[0.538s] Invoked command in '/home/draft42/sr0/build/reno_interface' returned '0': CMAKE_PREFIX_PATH=${CMAKE_PREFIX_PATH}:/home/draft42/sr0/install/scara:/home/draft42/sr0/install/ros2_basics:/opt/ros/galactic /usr/bin/cmake --build /home/draft42/sr0/build/reno_interface -- -j12 -l12
[0.625s] Invoking command in '/home/draft42/sr0/build/reno_interface': CMAKE_PREFIX_PATH=${CMAKE_PREFIX_PATH}:/home/draft42/sr0/install/scara:/home/draft42/sr0/install/ros2_basics:/opt/ros/galactic /usr/bin/cmake --install /home/draft42/sr0/build/reno_interface
[0.640s] -- Install configuration: ""
[0.641s] -- Up-to-date: /home/draft42/sr0/install/reno_interface/share/ament_index/resource_index/rosidl_interfaces/reno_interface
[0.641s] -- Up-to-date: /home/draft42/sr0/install/reno_interface/include/reno_interface
[0.641s] -- Up-to-date: /home/draft42/sr0/install/reno_interface/include/reno_interface/action
[0.642s] -- Up-to-date: /home/draft42/sr0/install/reno_interface/include/reno_interface/action/trajectory_execution.h
[0.642s] -- Up-to-date: /home/draft42/sr0/install/reno_interface/include/reno_interface/action/detail
[0.642s] -- Up-to-date: /home/draft42/sr0/install/reno_interface/include/reno_interface/action/detail/trajectory_execution__type_support.h
[0.642s] -- Up-to-date: /home/draft42/sr0/install/reno_interface/include/reno_interface/action/detail/trajectory_execution__functions.c
[0.642s] -- Up-to-date: /home/draft42/sr0/install/reno_interface/include/reno_interface/action/detail/trajectory_execution__struct.h
[0.642s] -- Up-to-date: /home/draft42/sr0/install/reno_interface/include/reno_interface/action/detail/trajectory_execution__functions.h
[0.642s] -- Up-to-date: /home/draft42/sr0/install/reno_interface/include/reno_interface/srv
[0.642s] -- Up-to-date: /home/draft42/sr0/install/reno_interface/include/reno_interface/srv/joint_trajectory.h
[0.642s] -- Up-to-date: /home/draft42/sr0/install/reno_interface/include/reno_interface/srv/detail
[0.643s] -- Up-to-date: /home/draft42/sr0/install/reno_interface/include/reno_interface/srv/detail/joint_trajectory__type_support.h
[0.643s] -- Up-to-date: /home/draft42/sr0/install/reno_interface/include/reno_interface/srv/detail/joint_trajectory__struct.h
[0.643s] -- Up-to-date: /home/draft42/sr0/install/reno_interface/include/reno_interface/srv/detail/joint_trajectory__functions.h
[0.643s] -- Up-to-date: /home/draft42/sr0/install/reno_interface/include/reno_interface/srv/detail/joint_trajectory__functions.c
[0.643s] -- Up-to-date: /home/draft42/sr0/install/reno_interface/include/reno_interface/msg
[0.643s] -- Up-to-date: /home/draft42/sr0/install/reno_interface/include/reno_interface/msg/rosidl_generator_c__visibility_control.h
[0.643s] -- Up-to-date: /home/draft42/sr0/install/reno_interface/share/reno_interface/environment/library_path.sh
[0.643s] -- Up-to-date: /home/draft42/sr0/install/reno_interface/share/reno_interface/environment/library_path.dsv
[0.644s] -- Up-to-date: /home/draft42/sr0/install/reno_interface/lib/libreno_interface__rosidl_generator_c.so
[0.645s] -- Up-to-date: /home/draft42/sr0/install/reno_interface/include/reno_interface
[0.645s] -- Up-to-date: /home/draft42/sr0/install/reno_interface/include/reno_interface/action
[0.645s] -- Up-to-date: /home/draft42/sr0/install/reno_interface/include/reno_interface/action/detail
[0.645s] -- Up-to-date: /home/draft42/sr0/install/reno_interface/include/reno_interface/action/detail/trajectory_execution__rosidl_typesupport_fastrtps_c.h
[0.645s] -- Up-to-date: /home/draft42/sr0/install/reno_interface/include/reno_interface/srv
[0.645s] -- Up-to-date: /home/draft42/sr0/install/reno_interface/include/reno_interface/srv/detail
[0.645s] -- Up-to-date: /home/draft42/sr0/install/reno_interface/include/reno_interface/srv/detail/joint_trajectory__rosidl_typesupport_fastrtps_c.h
[0.645s] -- Up-to-date: /home/draft42/sr0/install/reno_interface/include/reno_interface/msg
[0.645s] -- Up-to-date: /home/draft42/sr0/install/reno_interface/include/reno_interface/msg/rosidl_typesupport_fastrtps_c__visibility_control.h
[0.646s] -- Up-to-date: /home/draft42/sr0/install/reno_interface/lib/libreno_interface__rosidl_typesupport_fastrtps_c.so
[0.646s] -- Up-to-date: /home/draft42/sr0/install/reno_interface/include/reno_interface
[0.646s] -- Up-to-date: /home/draft42/sr0/install/reno_interface/include/reno_interface/action
[0.646s] -- Up-to-date: /home/draft42/sr0/install/reno_interface/include/reno_interface/action/detail
[0.646s] -- Up-to-date: /home/draft42/sr0/install/reno_interface/include/reno_interface/action/detail/dds_fastrtps
[0.646s] -- Up-to-date: /home/draft42/sr0/install/reno_interface/include/reno_interface/action/detail/trajectory_execution__rosidl_typesupport_fastrtps_cpp.hpp
[0.646s] -- Up-to-date: /home/draft42/sr0/install/reno_interface/include/reno_interface/srv
[0.646s] -- Up-to-date: /home/draft42/sr0/install/reno_interface/include/reno_interface/srv/detail
[0.647s] -- Up-to-date: /home/draft42/sr0/install/reno_interface/include/reno_interface/srv/detail/dds_fastrtps
[0.647s] -- Up-to-date: /home/draft42/sr0/install/reno_interface/include/reno_interface/srv/detail/joint_trajectory__rosidl_typesupport_fastrtps_cpp.hpp
[0.647s] -- Up-to-date: /home/draft42/sr0/install/reno_interface/include/reno_interface/msg
[0.647s] -- Up-to-date: /home/draft42/sr0/install/reno_interface/include/reno_interface/msg/rosidl_typesupport_fastrtps_cpp__visibility_control.h
[0.647s] -- Up-to-date: /home/draft42/sr0/install/reno_interface/lib/libreno_interface__rosidl_typesupport_fastrtps_cpp.so
[0.648s] -- Up-to-date: /home/draft42/sr0/install/reno_interface/include/reno_interface
[0.648s] -- Up-to-date: /home/draft42/sr0/install/reno_interface/include/reno_interface/action
[0.649s] -- Up-to-date: /home/draft42/sr0/install/reno_interface/include/reno_interface/action/detail
[0.649s] -- Up-to-date: /home/draft42/sr0/install/reno_interface/include/reno_interface/action/detail/trajectory_execution__rosidl_typesupport_introspection_c.h
[0.649s] -- Up-to-date: /home/draft42/sr0/install/reno_interface/include/reno_interface/action/detail/trajectory_execution__type_support.c
[0.649s] -- Up-to-date: /home/draft42/sr0/install/reno_interface/include/reno_interface/srv
[0.649s] -- Up-to-date: /home/draft42/sr0/install/reno_interface/include/reno_interface/srv/detail
[0.649s] -- Up-to-date: /home/draft42/sr0/install/reno_interface/include/reno_interface/srv/detail/joint_trajectory__rosidl_typesupport_introspection_c.h
[0.650s] -- Up-to-date: /home/draft42/sr0/install/reno_interface/include/reno_interface/srv/detail/joint_trajectory__type_support.c
[0.650s] -- Up-to-date: /home/draft42/sr0/install/reno_interface/include/reno_interface/msg
[0.650s] -- Up-to-date: /home/draft42/sr0/install/reno_interface/include/reno_interface/msg/rosidl_typesupport_introspection_c__visibility_control.h
[0.650s] -- Up-to-date: /home/draft42/sr0/install/reno_interface/lib/libreno_interface__rosidl_typesupport_introspection_c.so
[0.650s] -- Up-to-date: /home/draft42/sr0/install/reno_interface/lib/libreno_interface__rosidl_typesupport_c.so
[0.650s] -- Up-to-date: /home/draft42/sr0/install/reno_interface/include/reno_interface
[0.650s] -- Up-to-date: /home/draft42/sr0/install/reno_interface/include/reno_interface/action
[0.650s] -- Up-to-date: /home/draft42/sr0/install/reno_interface/include/reno_interface/action/trajectory_execution.hpp
[0.650s] -- Up-to-date: /home/draft42/sr0/install/reno_interface/include/reno_interface/action/detail
[0.650s] -- Up-to-date: /home/draft42/sr0/install/reno_interface/include/reno_interface/action/detail/trajectory_execution__traits.hpp
[0.651s] -- Up-to-date: /home/draft42/sr0/install/reno_interface/include/reno_interface/action/detail/trajectory_execution__builder.hpp
[0.651s] -- Up-to-date: /home/draft42/sr0/install/reno_interface/include/reno_interface/action/detail/trajectory_execution__struct.hpp
[0.651s] -- Up-to-date: /home/draft42/sr0/install/reno_interface/include/reno_interface/srv
[0.651s] -- Up-to-date: /home/draft42/sr0/install/reno_interface/include/reno_interface/srv/joint_trajectory.hpp
[0.651s] -- Up-to-date: /home/draft42/sr0/install/reno_interface/include/reno_interface/srv/detail
[0.651s] -- Up-to-date: /home/draft42/sr0/install/reno_interface/include/reno_interface/srv/detail/joint_trajectory__struct.hpp
[0.651s] -- Up-to-date: /home/draft42/sr0/install/reno_interface/include/reno_interface/srv/detail/joint_trajectory__builder.hpp
[0.651s] -- Up-to-date: /home/draft42/sr0/install/reno_interface/include/reno_interface/srv/detail/joint_trajectory__traits.hpp
[0.651s] -- Up-to-date: /home/draft42/sr0/install/reno_interface/include/reno_interface
[0.651s] -- Up-to-date: /home/draft42/sr0/install/reno_interface/include/reno_interface/action
[0.652s] -- Up-to-date: /home/draft42/sr0/install/reno_interface/include/reno_interface/action/detail
[0.652s] -- Up-to-date: /home/draft42/sr0/install/reno_interface/include/reno_interface/action/detail/trajectory_execution__type_support.cpp
[0.652s] -- Up-to-date: /home/draft42/sr0/install/reno_interface/include/reno_interface/action/detail/trajectory_execution__rosidl_typesupport_introspection_cpp.hpp
[0.652s] -- Up-to-date: /home/draft42/sr0/install/reno_interface/include/reno_interface/srv
[0.652s] -- Up-to-date: /home/draft42/sr0/install/reno_interface/include/reno_interface/srv/detail
[0.652s] -- Up-to-date: /home/draft42/sr0/install/reno_interface/include/reno_interface/srv/detail/joint_trajectory__rosidl_typesupport_introspection_cpp.hpp
[0.652s] -- Up-to-date: /home/draft42/sr0/install/reno_interface/include/reno_interface/srv/detail/joint_trajectory__type_support.cpp
[0.652s] -- Up-to-date: /home/draft42/sr0/install/reno_interface/lib/libreno_interface__rosidl_typesupport_introspection_cpp.so
[0.652s] -- Up-to-date: /home/draft42/sr0/install/reno_interface/lib/libreno_interface__rosidl_typesupport_cpp.so
[0.652s] -- Up-to-date: /home/draft42/sr0/install/reno_interface/share/reno_interface/environment/pythonpath.sh
[0.652s] -- Up-to-date: /home/draft42/sr0/install/reno_interface/share/reno_interface/environment/pythonpath.dsv
[0.652s] -- Up-to-date: /home/draft42/sr0/install/reno_interface/lib/python3.8/site-packages/reno_interface/__init__.py
[0.683s] -- Up-to-date: /home/draft42/sr0/install/reno_interface/lib/python3.8/site-packages/reno_interface/srv
[0.684s] -- Up-to-date: /home/draft42/sr0/install/reno_interface/lib/python3.8/site-packages/reno_interface/srv/__init__.py
[0.684s] -- Up-to-date: /home/draft42/sr0/install/reno_interface/lib/python3.8/site-packages/reno_interface/srv/_joint_trajectory.py
[0.684s] -- Up-to-date: /home/draft42/sr0/install/reno_interface/lib/python3.8/site-packages/reno_interface/srv/_joint_trajectory_s.c
[0.684s] -- Up-to-date: /home/draft42/sr0/install/reno_interface/lib/python3.8/site-packages/reno_interface/action
[0.684s] -- Up-to-date: /home/draft42/sr0/install/reno_interface/lib/python3.8/site-packages/reno_interface/action/_trajectory_execution.py
[0.684s] -- Up-to-date: /home/draft42/sr0/install/reno_interface/lib/python3.8/site-packages/reno_interface/action/__init__.py
[0.684s] -- Up-to-date: /home/draft42/sr0/install/reno_interface/lib/python3.8/site-packages/reno_interface/action/_trajectory_execution_s.c
[0.684s] -- Up-to-date: /home/draft42/sr0/install/reno_interface/lib/python3.8/site-packages/reno_interface/reno_interface_s__rosidl_typesupport_fastrtps_c.cpython-38-x86_64-linux-gnu.so
[0.685s] -- Up-to-date: /home/draft42/sr0/install/reno_interface/lib/python3.8/site-packages/reno_interface/reno_interface_s__rosidl_typesupport_introspection_c.cpython-38-x86_64-linux-gnu.so
[0.685s] -- Up-to-date: /home/draft42/sr0/install/reno_interface/lib/python3.8/site-packages/reno_interface/reno_interface_s__rosidl_typesupport_c.cpython-38-x86_64-linux-gnu.so
[0.688s] -- Up-to-date: /home/draft42/sr0/install/reno_interface/lib/libreno_interface__python.so
[0.688s] -- Up-to-date: /home/draft42/sr0/install/reno_interface/share/reno_interface/srv/JointTrajectory.idl
[0.688s] -- Up-to-date: /home/draft42/sr0/install/reno_interface/share/reno_interface/action/TrajectoryExecution.idl
[0.689s] -- Up-to-date: /home/draft42/sr0/install/reno_interface/share/reno_interface/srv/JointTrajectory.srv
[0.690s] -- Up-to-date: /home/draft42/sr0/install/reno_interface/share/reno_interface/srv/JointTrajectory_Request.msg
[0.690s] -- Up-to-date: /home/draft42/sr0/install/reno_interface/share/reno_interface/srv/JointTrajectory_Response.msg
[0.690s] -- Up-to-date: /home/draft42/sr0/install/reno_interface/share/reno_interface/action/TrajectoryExecution.action
[0.691s] -- Up-to-date: /home/draft42/sr0/install/reno_interface/share/ament_index/resource_index/package_run_dependencies/reno_interface
[0.692s] -- Up-to-date: /home/draft42/sr0/install/reno_interface/share/ament_index/resource_index/parent_prefix_path/reno_interface
[0.692s] -- Up-to-date: /home/draft42/sr0/install/reno_interface/share/reno_interface/environment/ament_prefix_path.sh
[0.692s] -- Up-to-date: /home/draft42/sr0/install/reno_interface/share/reno_interface/environment/ament_prefix_path.dsv
[0.692s] -- Up-to-date: /home/draft42/sr0/install/reno_interface/share/reno_interface/environment/path.sh
[0.693s] -- Up-to-date: /home/draft42/sr0/install/reno_interface/share/reno_interface/environment/path.dsv
[0.693s] -- Up-to-date: /home/draft42/sr0/install/reno_interface/share/reno_interface/local_setup.bash
[0.693s] -- Up-to-date: /home/draft42/sr0/install/reno_interface/share/reno_interface/local_setup.sh
[0.694s] -- Up-to-date: /home/draft42/sr0/install/reno_interface/share/reno_interface/local_setup.zsh
[0.694s] -- Up-to-date: /home/draft42/sr0/install/reno_interface/share/reno_interface/local_setup.dsv
[0.695s] -- Installing: /home/draft42/sr0/install/reno_interface/share/reno_interface/package.dsv
[0.695s] -- Up-to-date: /home/draft42/sr0/install/reno_interface/share/ament_index/resource_index/packages/reno_interface
[0.697s] -- Up-to-date: /home/draft42/sr0/install/reno_interface/share/reno_interface/cmake/reno_interface__rosidl_generator_cExport.cmake
[0.698s] -- Up-to-date: /home/draft42/sr0/install/reno_interface/share/reno_interface/cmake/reno_interface__rosidl_generator_cExport-noconfig.cmake
[0.699s] -- Up-to-date: /home/draft42/sr0/install/reno_interface/share/reno_interface/cmake/reno_interface__rosidl_typesupport_introspection_cExport.cmake
[0.699s] -- Up-to-date: /home/draft42/sr0/install/reno_interface/share/reno_interface/cmake/reno_interface__rosidl_typesupport_introspection_cExport-noconfig.cmake
[0.699s] -- Up-to-date: /home/draft42/sr0/install/reno_interface/share/reno_interface/cmake/reno_interface__rosidl_typesupport_cExport.cmake
[0.700s] -- Up-to-date: /home/draft42/sr0/install/reno_interface/share/reno_interface/cmake/reno_interface__rosidl_typesupport_cExport-noconfig.cmake
[0.700s] -- Up-to-date: /home/draft42/sr0/install/reno_interface/share/reno_interface/cmake/reno_interface__rosidl_generator_cppExport.cmake
[0.701s] -- Up-to-date: /home/draft42/sr0/install/reno_interface/share/reno_interface/cmake/reno_interface__rosidl_typesupport_introspection_cppExport.cmake
[0.701s] -- Up-to-date: /home/draft42/sr0/install/reno_interface/share/reno_interface/cmake/reno_interface__rosidl_typesupport_introspection_cppExport-noconfig.cmake
[0.701s] -- Up-to-date: /home/draft42/sr0/install/reno_interface/share/reno_interface/cmake/reno_interface__rosidl_typesupport_cppExport.cmake
[0.701s] -- Up-to-date: /home/draft42/sr0/install/reno_interface/share/reno_interface/cmake/reno_interface__rosidl_typesupport_cppExport-noconfig.cmake
[0.702s] -- Up-to-date: /home/draft42/sr0/install/reno_interface/share/reno_interface/cmake/rosidl_cmake-extras.cmake
[0.702s] -- Up-to-date: /home/draft42/sr0/install/reno_interface/share/reno_interface/cmake/ament_cmake_export_dependencies-extras.cmake
[0.702s] -- Up-to-date: /home/draft42/sr0/install/reno_interface/share/reno_interface/cmake/ament_cmake_export_libraries-extras.cmake
[0.703s] -- Up-to-date: /home/draft42/sr0/install/reno_interface/share/reno_interface/cmake/ament_cmake_export_targets-extras.cmake
[0.703s] -- Up-to-date: /home/draft42/sr0/install/reno_interface/share/reno_interface/cmake/ament_cmake_export_include_directories-extras.cmake
[0.704s] -- Up-to-date: /home/draft42/sr0/install/reno_interface/share/reno_interface/cmake/rosidl_cmake_export_typesupport_libraries-extras.cmake
[0.704s] -- Up-to-date: /home/draft42/sr0/install/reno_interface/share/reno_interface/cmake/rosidl_cmake_export_typesupport_targets-extras.cmake
[0.704s] -- Up-to-date: /home/draft42/sr0/install/reno_interface/share/reno_interface/cmake/reno_interfaceConfig.cmake
[0.705s] -- Up-to-date: /home/draft42/sr0/install/reno_interface/share/reno_interface/cmake/reno_interfaceConfig-version.cmake
[0.705s] -- Up-to-date: /home/draft42/sr0/install/reno_interface/share/reno_interface/package.xml
[0.707s] Invoked command in '/home/draft42/sr0/build/reno_interface' returned '0': CMAKE_PREFIX_PATH=${CMAKE_PREFIX_PATH}:/home/draft42/sr0/install/scara:/home/draft42/sr0/install/ros2_basics:/opt/ros/galactic /usr/bin/cmake --install /home/draft42/sr0/build/reno_interface
