/home/draft42/sr0/install/scara/lib/python3.8/site-packages/scara/trajectory_generator.py
/home/draft42/sr0/install/scara/lib/python3.8/site-packages/scara/virtual_pendant.py
/home/draft42/sr0/install/scara/lib/python3.8/site-packages/scara/arduino_subscriber.py
/home/draft42/sr0/install/scara/lib/python3.8/site-packages/scara/__init__.py
/home/draft42/sr0/install/scara/lib/python3.8/site-packages/scara/scara_joint_publisher.py.py
/home/draft42/sr0/install/scara/lib/python3.8/site-packages/scara/__pycache__/trajectory_generator.cpython-38.pyc
/home/draft42/sr0/install/scara/lib/python3.8/site-packages/scara/__pycache__/virtual_pendant.cpython-38.pyc
/home/draft42/sr0/install/scara/lib/python3.8/site-packages/scara/__pycache__/arduino_subscriber.cpython-38.pyc
/home/draft42/sr0/install/scara/lib/python3.8/site-packages/scara/__pycache__/__init__.cpython-38.pyc
/home/draft42/sr0/install/scara/lib/python3.8/site-packages/scara/__pycache__/scara_joint_publisher.py.cpython-38.pyc
/home/draft42/sr0/install/scara/share/ament_index/resource_index/packages/scara
/home/draft42/sr0/install/scara/share/scara/package.xml
/home/draft42/sr0/install/scara/share/scara/reno.urdf.xml
/home/draft42/sr0/install/scara/share/scara/meshes/visual/lk_1.dae
/home/draft42/sr0/install/scara/share/scara/meshes/visual/lk_2.dae
/home/draft42/sr0/install/scara/share/scara/meshes/visual/lk_4.dae
/home/draft42/sr0/install/scara/share/scara/meshes/visual/lk_0.dae
/home/draft42/sr0/install/scara/share/scara/meshes/visual/lk_3.dae
/home/draft42/sr0/install/scara/share/scara/meshes/collision/lk_4.STL
/home/draft42/sr0/install/scara/share/scara/meshes/collision/lk_1.STL
/home/draft42/sr0/install/scara/share/scara/meshes/collision/lk_2.STL
/home/draft42/sr0/install/scara/share/scara/meshes/collision/lk_0.STL
/home/draft42/sr0/install/scara/share/scara/meshes/collision/lk_3.STL
/home/draft42/sr0/install/scara/share/scara/scara_launcher.launch.py
/home/draft42/sr0/install/scara/lib/python3.8/site-packages/scara-0.0.0-py3.8.egg-info/SOURCES.txt
/home/draft42/sr0/install/scara/lib/python3.8/site-packages/scara-0.0.0-py3.8.egg-info/entry_points.txt
/home/draft42/sr0/install/scara/lib/python3.8/site-packages/scara-0.0.0-py3.8.egg-info/requires.txt
/home/draft42/sr0/install/scara/lib/python3.8/site-packages/scara-0.0.0-py3.8.egg-info/zip-safe
/home/draft42/sr0/install/scara/lib/python3.8/site-packages/scara-0.0.0-py3.8.egg-info/dependency_links.txt
/home/draft42/sr0/install/scara/lib/python3.8/site-packages/scara-0.0.0-py3.8.egg-info/top_level.txt
/home/draft42/sr0/install/scara/lib/python3.8/site-packages/scara-0.0.0-py3.8.egg-info/PKG-INFO
/home/draft42/sr0/install/scara/lib/scara/arduino_subscriber
/home/draft42/sr0/install/scara/lib/scara/scara_joint_publisher
/home/draft42/sr0/install/scara/lib/scara/trajectory_generator
/home/draft42/sr0/install/scara/lib/scara/virtual_pendant
